<?xml version="1.0" encoding="UTF-8"?>
<!-- Generated by org.testng.reporters.JUnitReportReporter -->
<testsuite hostname="Pratap" failures="0" tests="1" name="Test.OpenAmazon" time="8.277" errors="0" timestamp="2023-07-21T23:42:42 IST" skipped="0">
  <testcase classname="Test.OpenAmazon" name="amazonHomepage" time="8.277"/>
  <system-out/>
</testsuite> <!-- Test.OpenAmazon -->
