<?xml version="1.0" encoding="UTF-8"?>
<!-- Generated by org.testng.reporters.JUnitReportReporter -->
<testsuite hostname="Pratap" failures="0" tests="1" name="Test.OpenGoogle" time="4.176" errors="0" timestamp="2023-07-21T23:42:42 IST" skipped="0">
  <testcase classname="Test.OpenGoogle" name="googleHomepage" time="4.176"/>
  <system-out/>
</testsuite> <!-- Test.OpenGoogle -->
