<?xml version="1.0" encoding="UTF-8"?>
<!-- Generated by org.testng.reporters.JUnitReportReporter -->
<testsuite hostname="Pratap" failures="0" tests="1" name="Test.Patym" time="5.411" errors="0" timestamp="2023-07-21T23:42:42 IST" skipped="0">
  <testcase classname="Test.Patym" name="paytmHomepage" time="5.411"/>
  <system-out/>
</testsuite> <!-- Test.Patym -->
