<?xml version="1.0" encoding="UTF-8"?>
<!-- Generated by org.testng.reporters.JUnitReportReporter -->
<testsuite hostname="Pratap" failures="0" tests="1" name="Test.Patym" time="4.191" errors="0" timestamp="2023-07-19T16:42:04 IST" skipped="0">
  <testcase classname="Test.Patym" name="paytmHomepage" time="4.191"/>
  <system-out/>
</testsuite> <!-- Test.Patym -->
