<?xml version="1.0" encoding="UTF-8"?>
<!-- Generated by org.testng.reporters.JUnitReportReporter -->
<testsuite hostname="Pratap" failures="0" tests="1" name="Test.Patym" time="3.814" errors="0" timestamp="2023-07-19T17:43:51 IST" skipped="0">
  <testcase classname="Test.Patym" name="paytmHomepage" time="3.814"/>
  <system-out/>
</testsuite> <!-- Test.Patym -->
